C:\DOCUMENTS AND SETTINGS\MJW\MY DOCUMENTS\IDABRIDGE\CPLUSPLUS_CODE\WINDBG_SERVER\X64\DEBUG\BUFFER.OBJ
C:\Documents and Settings\mjw\My Documents\idabridge\cplusplus_code\windbg_server\X64\Debug\cl.command.1.tlog
C:\Documents and Settings\mjw\My Documents\idabridge\cplusplus_code\windbg_server\X64\Debug\CL.read.1.tlog
C:\Documents and Settings\mjw\My Documents\idabridge\cplusplus_code\windbg_server\X64\Debug\CL.write.1.tlog
C:\DOCUMENTS AND SETTINGS\MJW\MY DOCUMENTS\IDABRIDGE\CPLUSPLUS_CODE\WINDBG_SERVER\X64\DEBUG\CMD_TRANSLATION.OBJ
C:\DOCUMENTS AND SETTINGS\MJW\MY DOCUMENTS\IDABRIDGE\CPLUSPLUS_CODE\WINDBG_SERVER\X64\DEBUG\DLISTENER.DLL.EMBED.MANIFEST
C:\DOCUMENTS AND SETTINGS\MJW\MY DOCUMENTS\IDABRIDGE\CPLUSPLUS_CODE\WINDBG_SERVER\X64\DEBUG\DLISTENER.DLL.EMBED.MANIFEST.RES
C:\DOCUMENTS AND SETTINGS\MJW\MY DOCUMENTS\IDABRIDGE\CPLUSPLUS_CODE\WINDBG_SERVER\X64\DEBUG\DLISTENER.DLL.INTERMEDIATE.MANIFEST
C:\DOCUMENTS AND SETTINGS\MJW\MY DOCUMENTS\IDABRIDGE\CPLUSPLUS_CODE\WINDBG_SERVER\X64\DEBUG\DLISTENER.OBJ
C:\DOCUMENTS AND SETTINGS\MJW\MY DOCUMENTS\IDABRIDGE\CPLUSPLUS_CODE\WINDBG_SERVER\X64\DEBUG\DLISTENER_EVENTCB.OBJ
C:\Documents and Settings\mjw\My Documents\idabridge\cplusplus_code\windbg_server\X64\Debug\dlistener_manifest.rc
C:\DOCUMENTS AND SETTINGS\MJW\MY DOCUMENTS\IDABRIDGE\CPLUSPLUS_CODE\WINDBG_SERVER\X64\DEBUG\DLISTENER_NET.OBJ
C:\DOCUMENTS AND SETTINGS\MJW\MY DOCUMENTS\IDABRIDGE\CPLUSPLUS_CODE\WINDBG_SERVER\X64\DEBUG\DLISTENER_WDBG.OBJ
C:\DOCUMENTS AND SETTINGS\MJW\MY DOCUMENTS\IDABRIDGE\CPLUSPLUS_CODE\WINDBG_SERVER\X64\DEBUG\DLISTENER_WINDBG.OBJ
C:\Documents and Settings\mjw\My Documents\idabridge\cplusplus_code\windbg_server\X64\Debug\link.4020.read.1.tlog
C:\Documents and Settings\mjw\My Documents\idabridge\cplusplus_code\windbg_server\X64\Debug\link.4020.write.1.tlog
C:\Documents and Settings\mjw\My Documents\idabridge\cplusplus_code\windbg_server\X64\Debug\link.4020-cvtres.read.1.tlog
C:\Documents and Settings\mjw\My Documents\idabridge\cplusplus_code\windbg_server\X64\Debug\link.4020-cvtres.write.1.tlog
C:\Documents and Settings\mjw\My Documents\idabridge\cplusplus_code\windbg_server\X64\Debug\link.command.1.tlog
C:\Documents and Settings\mjw\My Documents\idabridge\cplusplus_code\windbg_server\X64\Debug\link.read.1.tlog
C:\Documents and Settings\mjw\My Documents\idabridge\cplusplus_code\windbg_server\X64\Debug\link.write.1.tlog
C:\Documents and Settings\mjw\My Documents\idabridge\cplusplus_code\windbg_server\X64\Debug\link-cvtres.read.1.tlog
C:\Documents and Settings\mjw\My Documents\idabridge\cplusplus_code\windbg_server\X64\Debug\link-cvtres.write.1.tlog
C:\Documents and Settings\mjw\My Documents\idabridge\cplusplus_code\windbg_server\X64\Debug\mt.command.1.tlog
C:\Documents and Settings\mjw\My Documents\idabridge\cplusplus_code\windbg_server\X64\Debug\mt.read.1.tlog
C:\Documents and Settings\mjw\My Documents\idabridge\cplusplus_code\windbg_server\X64\Debug\mt.write.1.tlog
C:\Documents and Settings\mjw\My Documents\idabridge\cplusplus_code\windbg_server\X64\Debug\rc.command.1.tlog
C:\Documents and Settings\mjw\My Documents\idabridge\cplusplus_code\windbg_server\X64\Debug\rc.read.1.tlog
C:\Documents and Settings\mjw\My Documents\idabridge\cplusplus_code\windbg_server\X64\Debug\rc.write.1.tlog
C:\DOCUMENTS AND SETTINGS\MJW\MY DOCUMENTS\IDABRIDGE\CPLUSPLUS_CODE\WINDBG_SERVER\X64\DEBUG\VC100.PDB
C:\Documents and Settings\mjw\My Documents\idabridge\cplusplus_code\windbg_server\X64\Debug\windbg_server.write.1.tlog
C:\Documents and Settings\mjw\My Documents\idabridge\cplusplus_code\X64\Debug\dlistener.exp
C:\Documents and Settings\mjw\My Documents\idabridge\cplusplus_code\X64\Debug\dlistener.lib
C:\DOCUMENTS AND SETTINGS\MJW\MY DOCUMENTS\IDABRIDGE\CPLUSPLUS_CODE\X64\DEBUG\DLISTENER.PDB
C:\PROGRAM FILES\DEBUGGING TOOLS FOR WINDOWS (X64)\WINEXT\DLISTENER.DLL
C:\PROGRAM FILES\DEBUGGING TOOLS FOR WINDOWS (X64)\WINEXT\DLISTENER.ILK
