C:\DOCUMENTS AND SETTINGS\MJW\MY DOCUMENTS\IDABRIDGE\CPLUSPLUS_CODE\DEBUG\WINDBG_SERVER.DLL
C:\Documents and Settings\mjw\My Documents\idabridge\cplusplus_code\Debug\windbg_server.exp
C:\DOCUMENTS AND SETTINGS\MJW\MY DOCUMENTS\IDABRIDGE\CPLUSPLUS_CODE\DEBUG\WINDBG_SERVER.ILK
C:\Documents and Settings\mjw\My Documents\idabridge\cplusplus_code\Debug\windbg_server.lib
C:\DOCUMENTS AND SETTINGS\MJW\MY DOCUMENTS\IDABRIDGE\CPLUSPLUS_CODE\DEBUG\WINDBG_SERVER.PDB
C:\DOCUMENTS AND SETTINGS\MJW\MY DOCUMENTS\IDABRIDGE\CPLUSPLUS_CODE\WINDBG_SERVER\DEBUG\WINDBG\BUFFER.OBJ
C:\DOCUMENTS AND SETTINGS\MJW\MY DOCUMENTS\IDABRIDGE\CPLUSPLUS_CODE\WINDBG_SERVER\DEBUG\WINDBG\CMD_TRANSLATION.OBJ
C:\DOCUMENTS AND SETTINGS\MJW\MY DOCUMENTS\IDABRIDGE\CPLUSPLUS_CODE\WINDBG_SERVER\DEBUG\WINDBG\DLISTENER.OBJ
C:\DOCUMENTS AND SETTINGS\MJW\MY DOCUMENTS\IDABRIDGE\CPLUSPLUS_CODE\WINDBG_SERVER\DEBUG\WINDBG\DLISTENER_EVENTCB.OBJ
C:\DOCUMENTS AND SETTINGS\MJW\MY DOCUMENTS\IDABRIDGE\CPLUSPLUS_CODE\WINDBG_SERVER\DEBUG\WINDBG\DLISTENER_NET.OBJ
C:\DOCUMENTS AND SETTINGS\MJW\MY DOCUMENTS\IDABRIDGE\CPLUSPLUS_CODE\WINDBG_SERVER\DEBUG\WINDBG\DLISTENER_WDBG.OBJ
C:\DOCUMENTS AND SETTINGS\MJW\MY DOCUMENTS\IDABRIDGE\CPLUSPLUS_CODE\WINDBG_SERVER\DEBUG\WINDBG\DLISTENER_WINDBG.OBJ
C:\DOCUMENTS AND SETTINGS\MJW\MY DOCUMENTS\IDABRIDGE\CPLUSPLUS_CODE\WINDBG_SERVER\DEBUG\WINDBG\VC100.PDB
C:\DOCUMENTS AND SETTINGS\MJW\MY DOCUMENTS\IDABRIDGE\CPLUSPLUS_CODE\WINDBG_SERVER\DEBUG\WINDBG\WINDBG_SERVER.DLL.EMBED.MANIFEST
C:\DOCUMENTS AND SETTINGS\MJW\MY DOCUMENTS\IDABRIDGE\CPLUSPLUS_CODE\WINDBG_SERVER\DEBUG\WINDBG\WINDBG_SERVER.DLL.EMBED.MANIFEST.RES
C:\DOCUMENTS AND SETTINGS\MJW\MY DOCUMENTS\IDABRIDGE\CPLUSPLUS_CODE\WINDBG_SERVER\DEBUG\WINDBG\WINDBG_SERVER.DLL.INTERMEDIATE.MANIFEST
Z:\projects\idabridge\cplusplus_code\Debug\windbg_server.dll
Z:\projects\idabridge\cplusplus_code\Debug\windbg_server.ilk
Z:\projects\idabridge\cplusplus_code\Debug\windbg_server.pdb
Z:\projects\idabridge\cplusplus_code\windbg_server\Debug\windbg\buffer.obj
Z:\projects\idabridge\cplusplus_code\windbg_server\Debug\windbg\cl.command.1.tlog
Z:\projects\idabridge\cplusplus_code\windbg_server\Debug\windbg\CL.read.1.tlog
Z:\projects\idabridge\cplusplus_code\windbg_server\Debug\windbg\CL.write.1.tlog
Z:\projects\idabridge\cplusplus_code\windbg_server\Debug\windbg\cmd_translation.obj
Z:\projects\idabridge\cplusplus_code\windbg_server\Debug\windbg\dlistener.obj
Z:\projects\idabridge\cplusplus_code\windbg_server\Debug\windbg\dlistener_eventcb.obj
Z:\projects\idabridge\cplusplus_code\windbg_server\Debug\windbg\dlistener_net.obj
Z:\projects\idabridge\cplusplus_code\windbg_server\Debug\windbg\dlistener_wdbg.obj
Z:\projects\idabridge\cplusplus_code\windbg_server\Debug\windbg\dlistener_windbg.obj
Z:\projects\idabridge\cplusplus_code\windbg_server\Debug\windbg\link.2040.read.1.tlog
Z:\projects\idabridge\cplusplus_code\windbg_server\Debug\windbg\link.2040.write.1.tlog
Z:\projects\idabridge\cplusplus_code\windbg_server\Debug\windbg\link.2040-cvtres.read.1.tlog
Z:\projects\idabridge\cplusplus_code\windbg_server\Debug\windbg\link.2040-cvtres.write.1.tlog
Z:\projects\idabridge\cplusplus_code\windbg_server\Debug\windbg\link.command.1.tlog
Z:\projects\idabridge\cplusplus_code\windbg_server\Debug\windbg\link.read.1.tlog
Z:\projects\idabridge\cplusplus_code\windbg_server\Debug\windbg\link.write.1.tlog
Z:\projects\idabridge\cplusplus_code\windbg_server\Debug\windbg\link-cvtres.read.1.tlog
Z:\projects\idabridge\cplusplus_code\windbg_server\Debug\windbg\link-cvtres.write.1.tlog
Z:\projects\idabridge\cplusplus_code\windbg_server\Debug\windbg\mt.command.1.tlog
Z:\projects\idabridge\cplusplus_code\windbg_server\Debug\windbg\mt.read.1.tlog
Z:\projects\idabridge\cplusplus_code\windbg_server\Debug\windbg\mt.write.1.tlog
Z:\projects\idabridge\cplusplus_code\windbg_server\Debug\windbg\rc.command.1.tlog
Z:\projects\idabridge\cplusplus_code\windbg_server\Debug\windbg\rc.read.1.tlog
Z:\projects\idabridge\cplusplus_code\windbg_server\Debug\windbg\rc.write.1.tlog
Z:\projects\idabridge\cplusplus_code\windbg_server\Debug\windbg\vc100.idb
Z:\projects\idabridge\cplusplus_code\windbg_server\Debug\windbg\vc100.pdb
Z:\projects\idabridge\cplusplus_code\windbg_server\Debug\windbg\windbg_server.dll.embed.manifest
Z:\projects\idabridge\cplusplus_code\windbg_server\Debug\windbg\windbg_server.dll.embed.manifest.res
Z:\projects\idabridge\cplusplus_code\windbg_server\Debug\windbg\windbg_server.dll.intermediate.manifest
Z:\projects\idabridge\cplusplus_code\windbg_server\Debug\windbg\windbg_server.write.1.tlog
Z:\projects\idabridge\cplusplus_code\windbg_server\Debug\windbg\windbg_server_manifest.rc
