Build started 6/25/2010 1:44:00 AM.
     1>Project "Z:\projects\idabridge\cplusplus_code\windbg_server\windbg_server.vcxproj" on node 2 (build target(s)).
     1>InitializeBuildStatus:
         Creating "Debug\windbg\windbg_server.unsuccessfulbuild" because "AlwaysCreate" was specified.
       ClCompile:
         E:\Microsoft Visual Studio 10.0\VC\bin\CL.exe /c /I..\..\..\winddk_7700\Debuggers\sdk\inc /ZI /nologo /W3 /WX- /Od /Oy- /D WIN32 /D _DEBUG /D _WINDOWS /D _USRDLL /D WINDBG_SERVER_EXPORTS /D _WINDLL /D _MBCS /Gm- /EHsc /RTC1 /MDd /GS /fp:precise /Zc:wchar_t /Zc:forScope /Fo"Debug\windbg\\" /Fd"Debug\windbg\vc100.pdb" /Gd /TP /analyze- /errorReport:prompt ..\sources\buffer.cpp ..\sources\cmd_translation.cpp ..\sources\dlistener.cpp ..\sources\dlistener_eventcb.cpp ..\sources\dlistener_net.cpp ..\sources\dlistener_wdbg.cpp ..\sources\dlistener_windbg.cpp
         buffer.cpp
         cmd_translation.cpp
         dlistener.cpp
     1>z:\projects\idabridge\cplusplus_code\sources\dlistener.cpp(97): warning C4101: 'Status' : unreferenced local variable
         dlistener_eventcb.cpp
         dlistener_net.cpp
         dlistener_wdbg.cpp
     1>z:\projects\idabridge\cplusplus_code\sources\dlistener_wdbg.cpp(69): warning C4101: 'Status' : unreferenced local variable
     1>z:\projects\idabridge\cplusplus_code\sources\dlistener_wdbg.cpp(409): warning C4101: 'hr' : unreferenced local variable
     1>z:\projects\idabridge\cplusplus_code\sources\dlistener_wdbg.cpp(712): warning C4244: 'initializing' : conversion from '__int64' to 'ULONG', possible loss of data
     1>z:\projects\idabridge\cplusplus_code\sources\dlistener_wdbg.cpp(725): warning C4244: 'initializing' : conversion from 'LONG64' to 'ULONG', possible loss of data
         dlistener_windbg.cpp
     1>z:\projects\idabridge\cplusplus_code\sources\dlistener_windbg.cpp(149): warning C4101: 'value' : unreferenced local variable
     1>z:\projects\idabridge\cplusplus_code\sources\dlistener_windbg.cpp(177): warning C4101: 'peb_off' : unreferenced local variable
     1>z:\projects\idabridge\cplusplus_code\sources\dlistener_windbg.cpp(349): warning C4244: '=' : conversion from 'ULONG64' to 'ULONG', possible loss of data
         Generating Code...
       ManifestResourceCompile:
         C:\Program Files\Microsoft SDKs\Windows\v7.0A\bin\rc.exe /nologo /fo"Debug\windbg\windbg_server.dll.embed.manifest.res" Debug\windbg\windbg_server_manifest.rc 
       Link:
         E:\Microsoft Visual Studio 10.0\VC\bin\link.exe /ERRORREPORT:PROMPT /OUT:"Z:\projects\idabridge\cplusplus_code\Debug\windbg_server.dll" /INCREMENTAL /NOLOGO /LIBPATH:..\..\..\winddk_7700\Debuggers\sdk\lib\amd64 dbgeng.lib ws2_32.lib kernel32.lib user32.lib gdi32.lib winspool.lib comdlg32.lib advapi32.lib shell32.lib ole32.lib oleaut32.lib uuid.lib odbc32.lib odbccp32.lib /MANIFEST /ManifestFile:"Debug\windbg\windbg_server.dll.intermediate.manifest" /MANIFESTUAC:"level='asInvoker' uiAccess='false'" /DEBUG /PDB:"Z:\projects\idabridge\cplusplus_code\Debug\windbg_server.pdb" /SUBSYSTEM:WINDOWS /TLBID:1 /DYNAMICBASE /NXCOMPAT /IMPLIB:"Z:\projects\idabridge\cplusplus_code\Debug\windbg_server.lib" /MACHINE:X86 /DLL Debug\windbg\windbg_server.dll.embed.manifest.res
         Debug\windbg\buffer.obj
         Debug\windbg\cmd_translation.obj
         Debug\windbg\dlistener.obj
         Debug\windbg\dlistener_eventcb.obj
         Debug\windbg\dlistener_net.obj
         Debug\windbg\dlistener_wdbg.obj
         Debug\windbg\dlistener_windbg.obj
            Creating library Z:\projects\idabridge\cplusplus_code\Debug\windbg_server.lib and object Z:\projects\idabridge\cplusplus_code\Debug\windbg_server.exp
       Manifest:
         C:\Program Files\Microsoft SDKs\Windows\v7.0A\bin\mt.exe /nologo /verbose /out:"Debug\windbg\windbg_server.dll.embed.manifest" /manifest Debug\windbg\windbg_server.dll.intermediate.manifest
         C:\Program Files\Microsoft SDKs\Windows\v7.0A\bin\rc.exe /nologo /fo"Debug\windbg\windbg_server.dll.embed.manifest.res" Debug\windbg\windbg_server_manifest.rc 
       LinkEmbedManifest:
         E:\Microsoft Visual Studio 10.0\VC\bin\link.exe /ERRORREPORT:PROMPT /OUT:"Z:\projects\idabridge\cplusplus_code\Debug\windbg_server.dll" /INCREMENTAL /NOLOGO /LIBPATH:..\..\..\winddk_7700\Debuggers\sdk\lib\amd64 dbgeng.lib ws2_32.lib kernel32.lib user32.lib gdi32.lib winspool.lib comdlg32.lib advapi32.lib shell32.lib ole32.lib oleaut32.lib uuid.lib odbc32.lib odbccp32.lib /MANIFEST /ManifestFile:"Debug\windbg\windbg_server.dll.intermediate.manifest" /MANIFESTUAC:"level='asInvoker' uiAccess='false'" /DEBUG /PDB:"Z:\projects\idabridge\cplusplus_code\Debug\windbg_server.pdb" /SUBSYSTEM:WINDOWS /TLBID:1 /DYNAMICBASE /NXCOMPAT /IMPLIB:"Z:\projects\idabridge\cplusplus_code\Debug\windbg_server.lib" /MACHINE:X86 /DLL Debug\windbg\windbg_server.dll.embed.manifest.res
         Debug\windbg\buffer.obj
         Debug\windbg\cmd_translation.obj
         Debug\windbg\dlistener.obj
         Debug\windbg\dlistener_eventcb.obj
         Debug\windbg\dlistener_net.obj
         Debug\windbg\dlistener_wdbg.obj
         Debug\windbg\dlistener_windbg.obj
            Creating library Z:\projects\idabridge\cplusplus_code\Debug\windbg_server.lib and object Z:\projects\idabridge\cplusplus_code\Debug\windbg_server.exp
         windbg_server.vcxproj -> Z:\projects\idabridge\cplusplus_code\Debug\windbg_server.dll
       FinalizeBuildStatus:
         Deleting file "Debug\windbg\windbg_server.unsuccessfulbuild".
         Touching "Debug\windbg\windbg_server.lastbuildstate".
     1>Done Building Project "Z:\projects\idabridge\cplusplus_code\windbg_server\windbg_server.vcxproj" (build target(s)).

Build succeeded.

Time Elapsed 00:00:21.37
