Build started 6/4/2010 11:01:09 PM.
     1>Project "C:\code\dlistener_proto\ida_client\ida_client.vcxproj" on node 3 (build target(s)).
     1>_PrepareForBuild:
         Touching "Debug\ida_client.unsuccessfulbuild".
       ClCompile:
         All outputs are up-to-date.
       ManifestResourceCompile:
         All outputs are up-to-date.
     1>C:\Program Files (x86)\MSBuild\Microsoft.Cpp\v4.0\Microsoft.CppBuild.targets(935,5): warning MSB8012: TargetPath(C:\code\dlistener_proto\Debug\ida_client.plw) does not match the Linker's OutputFile property value (C:\Program Files (x86)\IDA\plugins\ida_client.plw). This may cause your project to build incorrectly. To correct this, please make sure that $(OutDir), $(TargetName) and $(TargetExt) property values match the value specified in %(Link.OutputFile).
       Link:
         C:\Program Files (x86)\Microsoft Visual Studio 10.0\VC\bin\link.exe /ERRORREPORT:PROMPT /OUT:"C:\Program Files (x86)\IDA\plugins\ida_client.plw" /INCREMENTAL /NOLOGO /LIBPATH:C:\code\idasdk56\lib\vc.w32\ ida.lib ws2_32.lib kernel32.lib user32.lib gdi32.lib winspool.lib comdlg32.lib advapi32.lib shell32.lib ole32.lib oleaut32.lib uuid.lib odbc32.lib odbccp32.lib /MANIFEST /ManifestFile:"Debug\ida_client.plw.intermediate.manifest" /MANIFESTUAC:"level='asInvoker' uiAccess='false'" /DEBUG /PDB:"C:\code\dlistener_proto\Debug\ida_client.pdb" /SUBSYSTEM:WINDOWS /TLBID:1 /DYNAMICBASE /NXCOMPAT /IMPLIB:"C:\code\dlistener_proto\Debug\ida_client.lib" /MACHINE:X86 /DLL Debug\buffer.obj
         Debug\dlistener_ida.obj
         Debug\dlistener_net.obj
         Debug\dlistener_ui.obj
         Debug\idanet.obj
         Debug\ida_client.plw.embed.manifest.res
            Creating library C:\code\dlistener_proto\Debug\ida_client.lib and object C:\code\dlistener_proto\Debug\ida_client.exp
       Manifest:
         C:\Program Files (x86)\Microsoft SDKs\Windows\v7.0A\bin\mt.exe /nologo /verbose /out:"Debug\ida_client.plw.embed.manifest" /manifest Debug\ida_client.plw.intermediate.manifest
         C:\Program Files (x86)\Microsoft SDKs\Windows\v7.0A\bin\rc.exe /nologo /fo"Debug\ida_client.plw.embed.manifest.res" Debug\ida_client_manifest.rc 
       LinkEmbedManifest:
         C:\Program Files (x86)\Microsoft Visual Studio 10.0\VC\bin\link.exe /ERRORREPORT:PROMPT /OUT:"C:\Program Files (x86)\IDA\plugins\ida_client.plw" /INCREMENTAL /NOLOGO /LIBPATH:C:\code\idasdk56\lib\vc.w32\ ida.lib ws2_32.lib kernel32.lib user32.lib gdi32.lib winspool.lib comdlg32.lib advapi32.lib shell32.lib ole32.lib oleaut32.lib uuid.lib odbc32.lib odbccp32.lib /MANIFEST /ManifestFile:"Debug\ida_client.plw.intermediate.manifest" /MANIFESTUAC:"level='asInvoker' uiAccess='false'" /DEBUG /PDB:"C:\code\dlistener_proto\Debug\ida_client.pdb" /SUBSYSTEM:WINDOWS /TLBID:1 /DYNAMICBASE /NXCOMPAT /IMPLIB:"C:\code\dlistener_proto\Debug\ida_client.lib" /MACHINE:X86 /DLL Debug\buffer.obj
         Debug\dlistener_ida.obj
         Debug\dlistener_net.obj
         Debug\dlistener_ui.obj
         Debug\idanet.obj
         Debug\ida_client.plw.embed.manifest.res
            Creating library C:\code\dlistener_proto\Debug\ida_client.lib and object C:\code\dlistener_proto\Debug\ida_client.exp
         ida_client.vcxproj -> C:\code\dlistener_proto\Debug\ida_client.plw
       _AfterBuild:
         Deleting file "Debug\ida_client.unsuccessfulbuild".
         Touching "Debug\ida_client.lastbuildstate".
     1>Done Building Project "C:\code\dlistener_proto\ida_client\ida_client.vcxproj" (build target(s)).

Build succeeded.

Time Elapsed 00:00:00.94
