C:\Documents and Settings\mjw\My Documents\idabridge\cplusplus_code\Debug\ida_client.exp
C:\Documents and Settings\mjw\My Documents\idabridge\cplusplus_code\Debug\ida_client.lib
C:\DOCUMENTS AND SETTINGS\MJW\MY DOCUMENTS\IDABRIDGE\CPLUSPLUS_CODE\DEBUG\IDA_CLIENT.PDB
C:\DOCUMENTS AND SETTINGS\MJW\MY DOCUMENTS\IDABRIDGE\CPLUSPLUS_CODE\IDA_CLIENT\DEBUG\IDACLIENT\BUFFER.OBJ
C:\DOCUMENTS AND SETTINGS\MJW\MY DOCUMENTS\IDABRIDGE\CPLUSPLUS_CODE\IDA_CLIENT\DEBUG\IDACLIENT\CMD_TRANSLATION.OBJ
C:\DOCUMENTS AND SETTINGS\MJW\MY DOCUMENTS\IDABRIDGE\CPLUSPLUS_CODE\IDA_CLIENT\DEBUG\IDACLIENT\DLISTENER_IDA.OBJ
C:\DOCUMENTS AND SETTINGS\MJW\MY DOCUMENTS\IDABRIDGE\CPLUSPLUS_CODE\IDA_CLIENT\DEBUG\IDACLIENT\DLISTENER_NET.OBJ
C:\DOCUMENTS AND SETTINGS\MJW\MY DOCUMENTS\IDABRIDGE\CPLUSPLUS_CODE\IDA_CLIENT\DEBUG\IDACLIENT\IDA_CLIENT.PLW.EMBED.MANIFEST
C:\DOCUMENTS AND SETTINGS\MJW\MY DOCUMENTS\IDABRIDGE\CPLUSPLUS_CODE\IDA_CLIENT\DEBUG\IDACLIENT\IDA_CLIENT.PLW.EMBED.MANIFEST.RES
C:\DOCUMENTS AND SETTINGS\MJW\MY DOCUMENTS\IDABRIDGE\CPLUSPLUS_CODE\IDA_CLIENT\DEBUG\IDACLIENT\IDA_CLIENT.PLW.INTERMEDIATE.MANIFEST
C:\DOCUMENTS AND SETTINGS\MJW\MY DOCUMENTS\IDABRIDGE\CPLUSPLUS_CODE\IDA_CLIENT\DEBUG\IDACLIENT\IDA_CLIENT.RES
C:\DOCUMENTS AND SETTINGS\MJW\MY DOCUMENTS\IDABRIDGE\CPLUSPLUS_CODE\IDA_CLIENT\DEBUG\IDACLIENT\IDANET.OBJ
C:\DOCUMENTS AND SETTINGS\MJW\MY DOCUMENTS\IDABRIDGE\CPLUSPLUS_CODE\IDA_CLIENT\DEBUG\IDACLIENT\VC100.PDB
C:\PROGRAM FILES\IDA\PLUGINS\IDABRIDGE.ILK
C:\PROGRAM FILES\IDA\PLUGINS\IDABRIDGE.PLW
Z:\projects\idabridge\cplusplus_code\Debug\ida_client.pdb
Z:\projects\idabridge\cplusplus_code\ida_client\Debug\idaclient\buffer.obj
Z:\projects\idabridge\cplusplus_code\ida_client\Debug\idaclient\cl.command.1.tlog
Z:\projects\idabridge\cplusplus_code\ida_client\Debug\idaclient\CL.read.1.tlog
Z:\projects\idabridge\cplusplus_code\ida_client\Debug\idaclient\CL.write.1.tlog
Z:\projects\idabridge\cplusplus_code\ida_client\Debug\idaclient\cmd_translation.obj
Z:\projects\idabridge\cplusplus_code\ida_client\Debug\idaclient\dlistener_ida.obj
Z:\projects\idabridge\cplusplus_code\ida_client\Debug\idaclient\dlistener_net.obj
Z:\projects\idabridge\cplusplus_code\ida_client\Debug\idaclient\ida_client.plw.embed.manifest
Z:\projects\idabridge\cplusplus_code\ida_client\Debug\idaclient\ida_client.plw.embed.manifest.res
Z:\projects\idabridge\cplusplus_code\ida_client\Debug\idaclient\ida_client.plw.intermediate.manifest
Z:\projects\idabridge\cplusplus_code\ida_client\Debug\idaclient\ida_client.res
Z:\projects\idabridge\cplusplus_code\ida_client\Debug\idaclient\ida_client.write.1.tlog
Z:\projects\idabridge\cplusplus_code\ida_client\Debug\idaclient\ida_client_manifest.rc
Z:\projects\idabridge\cplusplus_code\ida_client\Debug\idaclient\idanet.obj
Z:\projects\idabridge\cplusplus_code\ida_client\Debug\idaclient\link.1016.read.1.tlog
Z:\projects\idabridge\cplusplus_code\ida_client\Debug\idaclient\link.1016.write.1.tlog
Z:\projects\idabridge\cplusplus_code\ida_client\Debug\idaclient\link.1016-cvtres.read.1.tlog
Z:\projects\idabridge\cplusplus_code\ida_client\Debug\idaclient\link.1016-cvtres.write.1.tlog
Z:\projects\idabridge\cplusplus_code\ida_client\Debug\idaclient\link.command.1.tlog
Z:\projects\idabridge\cplusplus_code\ida_client\Debug\idaclient\link.read.1.tlog
Z:\projects\idabridge\cplusplus_code\ida_client\Debug\idaclient\link.write.1.tlog
Z:\projects\idabridge\cplusplus_code\ida_client\Debug\idaclient\link-cvtres.read.1.tlog
Z:\projects\idabridge\cplusplus_code\ida_client\Debug\idaclient\link-cvtres.write.1.tlog
Z:\projects\idabridge\cplusplus_code\ida_client\Debug\idaclient\mt.command.1.tlog
Z:\projects\idabridge\cplusplus_code\ida_client\Debug\idaclient\mt.read.1.tlog
Z:\projects\idabridge\cplusplus_code\ida_client\Debug\idaclient\mt.write.1.tlog
Z:\projects\idabridge\cplusplus_code\ida_client\Debug\idaclient\rc.command.1.tlog
Z:\projects\idabridge\cplusplus_code\ida_client\Debug\idaclient\rc.read.1.tlog
Z:\projects\idabridge\cplusplus_code\ida_client\Debug\idaclient\rc.write.1.tlog
Z:\projects\idabridge\cplusplus_code\ida_client\Debug\idaclient\ResolveAssemblyReference.cache
Z:\projects\idabridge\cplusplus_code\ida_client\Debug\idaclient\vc100.idb
Z:\projects\idabridge\cplusplus_code\ida_client\Debug\idaclient\vc100.pdb
