Build started 6/25/2010 1:52:51 AM.
     1>Project "Z:\projects\idabridge\cplusplus_code\windbg_server\windbg_server.vcxproj" on node 2 (build target(s)).
     1>InitializeBuildStatus:
         Creating "Debug\windbg_server.unsuccessfulbuild" because "AlwaysCreate" was specified.
       ClCompile:
         E:\Microsoft Visual Studio 10.0\VC\bin\CL.exe /c /I..\..\..\winddk_7700\Debuggers\sdk\inc /ZI /nologo /W3 /WX- /Od /Oy- /D WIN32 /D _DEBUG /D _WINDOWS /D _USRDLL /D WINDBG_SERVER_EXPORTS /D _WINDLL /D _MBCS /Gm- /EHsc /RTC1 /MDd /GS /fp:precise /Zc:wchar_t /Zc:forScope /Fo"Debug\\" /Fd"Debug\vc100.pdb" /Gd /TP /analyze- /errorReport:prompt ..\sources\buffer.cpp ..\sources\cmd_translation.cpp ..\sources\dlistener.cpp ..\sources\dlistener_eventcb.cpp ..\sources\dlistener_net.cpp ..\sources\dlistener_wdbg.cpp ..\sources\dlistener_windbg.cpp
         buffer.cpp
         cmd_translation.cpp
         dlistener.cpp
     1>z:\projects\idabridge\cplusplus_code\sources\dlistener.cpp(97): warning C4101: 'Status' : unreferenced local variable
         dlistener_eventcb.cpp
         dlistener_net.cpp
         dlistener_wdbg.cpp
     1>z:\projects\idabridge\cplusplus_code\sources\dlistener_wdbg.cpp(69): warning C4101: 'Status' : unreferenced local variable
     1>z:\projects\idabridge\cplusplus_code\sources\dlistener_wdbg.cpp(409): warning C4101: 'hr' : unreferenced local variable
     1>z:\projects\idabridge\cplusplus_code\sources\dlistener_wdbg.cpp(712): warning C4244: 'initializing' : conversion from '__int64' to 'ULONG', possible loss of data
     1>z:\projects\idabridge\cplusplus_code\sources\dlistener_wdbg.cpp(725): warning C4244: 'initializing' : conversion from 'LONG64' to 'ULONG', possible loss of data
         dlistener_windbg.cpp
     1>z:\projects\idabridge\cplusplus_code\sources\dlistener_windbg.cpp(149): warning C4101: 'value' : unreferenced local variable
     1>z:\projects\idabridge\cplusplus_code\sources\dlistener_windbg.cpp(177): warning C4101: 'peb_off' : unreferenced local variable
     1>z:\projects\idabridge\cplusplus_code\sources\dlistener_windbg.cpp(349): warning C4244: '=' : conversion from 'ULONG64' to 'ULONG', possible loss of data
         Generating Code...
       ManifestResourceCompile:
         C:\Program Files\Microsoft SDKs\Windows\v7.0A\bin\rc.exe /nologo /fo"Debug\windbg_server.dll.embed.manifest.res" Debug\windbg_server_manifest.rc 
     1>C:\Program Files\MSBuild\Microsoft.Cpp\v4.0\Microsoft.CppBuild.targets(990,5): error MSB4018: The "VCMessage" task failed unexpectedly.
C:\Program Files\MSBuild\Microsoft.Cpp\v4.0\Microsoft.CppBuild.targets(990,5): error MSB4018: System.FormatException: Index (zero based) must be greater than or equal to zero and less than the size of the argument list.
C:\Program Files\MSBuild\Microsoft.Cpp\v4.0\Microsoft.CppBuild.targets(990,5): error MSB4018:    at System.Text.StringBuilder.AppendFormat(IFormatProvider provider, String format, Object[] args)
C:\Program Files\MSBuild\Microsoft.Cpp\v4.0\Microsoft.CppBuild.targets(990,5): error MSB4018:    at System.String.Format(IFormatProvider provider, String format, Object[] args)
C:\Program Files\MSBuild\Microsoft.Cpp\v4.0\Microsoft.CppBuild.targets(990,5): error MSB4018:    at Microsoft.Build.Shared.ResourceUtilities.FormatString(String unformatted, Object[] args)
C:\Program Files\MSBuild\Microsoft.Cpp\v4.0\Microsoft.CppBuild.targets(990,5): error MSB4018:    at Microsoft.Build.Utilities.TaskLoggingHelper.FormatString(String unformatted, Object[] args)
C:\Program Files\MSBuild\Microsoft.Cpp\v4.0\Microsoft.CppBuild.targets(990,5): error MSB4018:    at Microsoft.Build.Utilities.TaskLoggingHelper.FormatResourceString(String resourceName, Object[] args)
C:\Program Files\MSBuild\Microsoft.Cpp\v4.0\Microsoft.CppBuild.targets(990,5): error MSB4018:    at Microsoft.Build.Utilities.TaskLoggingHelper.LogWarningWithCodeFromResources(String messageResourceName, Object[] messageArgs)
C:\Program Files\MSBuild\Microsoft.Cpp\v4.0\Microsoft.CppBuild.targets(990,5): error MSB4018:    at Microsoft.Build.CPPTasks.VCMessage.Execute()
C:\Program Files\MSBuild\Microsoft.Cpp\v4.0\Microsoft.CppBuild.targets(990,5): error MSB4018:    at Microsoft.Build.BackEnd.TaskExecutionHost.Microsoft.Build.BackEnd.ITaskExecutionHost.Execute()
C:\Program Files\MSBuild\Microsoft.Cpp\v4.0\Microsoft.CppBuild.targets(990,5): error MSB4018:    at Microsoft.Build.BackEnd.TaskBuilder.ExecuteInstantiatedTask(ITaskExecutionHost taskExecutionHost, TaskLoggingContext taskLoggingContext, TaskHost taskHost, ItemBucket bucket, TaskExecutionMode howToExecuteTask, Boolean& taskResult)
     1>Done Building Project "Z:\projects\idabridge\cplusplus_code\windbg_server\windbg_server.vcxproj" (build target(s)) -- FAILED.

Build FAILED.

Time Elapsed 00:00:14.54
